Release 14.7 - ngc2edif P.20131013 (nt64)
Copyright (c) 1995-2013 Xilinx, Inc.  All rights reserved.
Reading design main_block.ngc ...
WARNING:NetListWriters:298 - No output is written to main_block.xncf, ignored.
Processing design ...
   Preping design's networks ...
   Preping design's macros ...
  finished :Prep
Writing EDIF netlist file main_block.edif ...
ngc2edif: Total memory usage is 4314256 kilobytes

Release 14.7 - ngc2edif P.20131013 (nt64)
Copyright (c) 1995-2013 Xilinx, Inc.  All rights reserved.
Reading design main_block.ngc ...
WARNING:NetListWriters:298 - No output is written to main_block.xncf, ignored.
Processing design ...
   Preping design's networks ...
   Preping design's macros ...
  finished :Prep
Writing EDIF netlist file main_block.edif ...
ngc2edif: Total memory usage is 4312656 kilobytes

Release 14.7 - ngc2edif P.20131013 (nt64)
Copyright (c) 1995-2013 Xilinx, Inc.  All rights reserved.
Reading design main_block.ngc ...
WARNING:NetListWriters:298 - No output is written to main_block.xncf, ignored.
Processing design ...
   Preping design's networks ...
   Preping design's macros ...
  finished :Prep
Writing EDIF netlist file main_block.edif ...
ngc2edif: Total memory usage is 4313680 kilobytes

Release 14.7 - ngc2edif P.20131013 (nt64)
Copyright (c) 1995-2013 Xilinx, Inc.  All rights reserved.
Reading design asic2.ngc ...
WARNING:NetListWriters:298 - No output is written to asic2.xncf, ignored.
Processing design ...
   Preping design's networks ...
   Preping design's macros ...
WARNING:NetListWriters:306 - Signal bus dispatcher/n0035<5 : 0> on block asic2
   is not reconstructed, because there are some missing bus signals.
  finished :Prep
Writing EDIF netlist file asic2.edif ...
ngc2edif: Total memory usage is 4314256 kilobytes

Release 14.7 - ngc2edif P.20131013 (nt64)
Copyright (c) 1995-2013 Xilinx, Inc.  All rights reserved.
Reading design asic2.ngc ...
WARNING:NetListWriters:298 - No output is written to asic2.xncf, ignored.
Processing design ...
   Preping design's networks ...
   Preping design's macros ...
WARNING:NetListWriters:306 - Signal bus dispatcher/n0035<5 : 0> on block asic2
   is not reconstructed, because there are some missing bus signals.
  finished :Prep
Writing EDIF netlist file asic2.edif ...
ngc2edif: Total memory usage is 4313680 kilobytes

Release 14.7 - ngc2edif P.20131013 (nt64)
Copyright (c) 1995-2013 Xilinx, Inc.  All rights reserved.
Reading design asic2.ngc ...
WARNING:NetListWriters:298 - No output is written to asic2.xncf, ignored.
Processing design ...
   Preping design's networks ...
   Preping design's macros ...
  finished :Prep
Writing EDIF netlist file asic2.edif ...
ngc2edif: Total memory usage is 4308560 kilobytes

Release 14.7 - ngc2edif P.20131013 (nt64)
Copyright (c) 1995-2013 Xilinx, Inc.  All rights reserved.
Reading design asic2.ngc ...
WARNING:NetListWriters:298 - No output is written to asic2.xncf, ignored.
Processing design ...
   Preping design's networks ...
   Preping design's macros ...
  finished :Prep
Writing EDIF netlist file asic2.edif ...
ngc2edif: Total memory usage is 4308560 kilobytes

Release 14.7 - ngc2edif P.20131013 (nt64)
Copyright (c) 1995-2013 Xilinx, Inc.  All rights reserved.
Reading design asic2.ngc ...
WARNING:NetListWriters:298 - No output is written to asic2.xncf, ignored.
Processing design ...
   Preping design's networks ...
   Preping design's macros ...
  finished :Prep
Writing EDIF netlist file asic2.edif ...
ngc2edif: Total memory usage is 4309584 kilobytes

