
****** PlanAhead v14.7 (64-bit)
  **** Build 321239 by xbuild on Fri Sep 27 19:29:51 MDT 2013
    ** Copyright 1986-1999, 2001-2013 Xilinx, Inc. All Rights Reserved.

INFO: [Common 17-78] Attempting to get a license: PlanAhead
INFO: [Common 17-290] Got license for PlanAhead
INFO: [Device 21-36] Loading parts and site information from E:/Xilinx/14.7/ISE_DS/PlanAhead/data/parts/arch.xml
Parsing RTL primitives file [E:/Xilinx/14.7/ISE_DS/PlanAhead/data/parts/xilinx/rtl/prims/rtl_prims.xml]
Finished parsing RTL primitives file [E:/Xilinx/14.7/ISE_DS/PlanAhead/data/parts/xilinx/rtl/prims/rtl_prims.xml]
start_gui
source C:/Users/Professional/Desktop/XilinxVerilogAsicSha256/Asic_3/Asic/pa.fromNcd.tcl
# create_project -name Asic -dir "C:/Users/Professional/Desktop/XilinxVerilogAsicSha256/Asic_3/Asic/planAhead_run_4" -part xc3s400pq208-4
# set srcset [get_property srcset [current_run -impl]]
# set_property design_mode GateLvl $srcset
# set_property edif_top_file "C:/Users/Professional/Desktop/XilinxVerilogAsicSha256/Asic_3/Asic/asic2.ngc" [ get_property srcset [ current_run ] ]
# add_files -norecurse { {C:/Users/Professional/Desktop/XilinxVerilogAsicSha256/Asic_3/Asic} }
# set_property target_constrs_file "asic2.ucf" [current_fileset -constrset]
Adding file 'C:/Users/Professional/Desktop/XilinxVerilogAsicSha256/Asic_3/Asic/asic2.ucf' to fileset 'constrs_1'
# add_files [list {asic2.ucf}] -fileset [get_property constrset [current_run]]
# link_design
Design is defaulting to srcset: sources_1
Design is defaulting to constrset: constrs_1
Design is defaulting to project part: xc3s400pq208-4
Release 14.7 - ngc2edif P.20131013 (nt64)
Copyright (c) 1995-2013 Xilinx, Inc.  All rights reserved.
Reading design asic2.ngc ...
WARNING:NetListWriters:298 - No output is written to asic2.xncf, ignored.
Processing design ...
   Preping design's networks ...
   Preping design's macros ...
  finished :Prep
Writing EDIF netlist file asic2.edif ...
ngc2edif: Total memory usage is 4309584 kilobytes

Parsing EDIF File [./planAhead_run_4/Asic.data/cache/asic2_ngc_zx.edif]
Finished Parsing EDIF File [./planAhead_run_4/Asic.data/cache/asic2_ngc_zx.edif]
INFO: [Designutils 20-910] Reading macro library E:/Xilinx/14.7/ISE_DS/PlanAhead/data\./parts/xilinx/spartan3/hd_int_macros.edn
Parsing EDIF File [E:/Xilinx/14.7/ISE_DS/PlanAhead/data\./parts/xilinx/spartan3/hd_int_macros.edn]
Finished Parsing EDIF File [E:/Xilinx/14.7/ISE_DS/PlanAhead/data\./parts/xilinx/spartan3/hd_int_macros.edn]
Loading clock regions from E:/Xilinx/14.7/ISE_DS/PlanAhead/data\parts/xilinx/spartan3/spartan3/xc3s400/ClockRegion.xml
Loading clock buffers from E:/Xilinx/14.7/ISE_DS/PlanAhead/data\parts/xilinx/spartan3/spartan3/xc3s400/ClockBuffers.xml
Loading package from E:/Xilinx/14.7/ISE_DS/PlanAhead/data\parts/xilinx/spartan3/spartan3/xc3s400/pq208/Package.xml
Loading io standards from E:/Xilinx/14.7/ISE_DS/PlanAhead/data\./parts/xilinx/spartan3/IOStandards.xml
INFO: [Device 21-19] Loading pkg sso from E:/Xilinx/14.7/ISE_DS/PlanAhead/data\parts/xilinx/spartan3/spartan3/xc3s400/pq208/SSORules.xml
Loading list of drcs for the architecture : E:/Xilinx/14.7/ISE_DS/PlanAhead/data\./parts/xilinx/spartan3/drc.xml
INFO: [Timing 38-77] Reading timing library E:/Xilinx/14.7/ISE_DS/PlanAhead/data\parts/xilinx/spartan3/spartan3/spartan3-4.lib.
INFO: [Timing 38-34] Done reading timing library E:/Xilinx/14.7/ISE_DS/PlanAhead/data\parts/xilinx/spartan3/spartan3/spartan3-4.lib.
Parsing UCF File [C:/Users/Professional/Desktop/XilinxVerilogAsicSha256/Asic_3/Asic/asic2.ucf]
Finished Parsing UCF File [C:/Users/Professional/Desktop/XilinxVerilogAsicSha256/Asic_3/Asic/asic2.ucf]
INFO: [Project 1-111] Unisim Transformation Summary:
No Unisim elements were transformed.

Phase 0 | Netlist Checksum: 31126e57
link_design: Time (s): elapsed = 00:00:08 . Memory (MB): peak = 528.102 ; gain = 69.781
# read_xdl -file "C:/Users/Professional/Desktop/XilinxVerilogAsicSha256/Asic_3/Asic/asic2.ncd"
Release 14.7 - xdl P.20131013 (nt64)
Copyright (c) 1995-2013 Xilinx, Inc.  All rights reserved.

WARNING:XDL:213 - The resulting xdl output will not have LUT equation strings or RAM INIT strings.
Loading device for application Rf_Device from file '3s400.nph' in environment E:\Xilinx\14.7\ISE_DS\ISE\.
   "asic2" is an NCD, version 3.2, device xc3s400, package pq208, speed -4
Successfully converted design 'C:\Users\Professional\Desktop\XilinxVerilogAsicSha256\Asic_3\Asic\asic2.ncd' to 'C:\Users\Professional\Desktop\XilinxVerilogAsicSha256\Asic_3\Asic\asic2.xdl'.
INFO: [Designutils 20-669] Parsing Placement File : C:/Users/Professional/Desktop/XilinxVerilogAsicSha256/Asic_3/Asic/asic2.ncd
INFO: [Designutils 20-658] Finished Parsing Placement File : C:/Users/Professional/Desktop/XilinxVerilogAsicSha256/Asic_3/Asic/asic2.ncd
INFO: [Designutils 20-671] Placed 32 instances
read_xdl: Time (s): elapsed = 00:00:05 . Memory (MB): peak = 529.598 ; gain = 0.000
# if {[catch {read_twx -name results_1 -file "C:/Users/Professional/Desktop/XilinxVerilogAsicSha256/Asic_3/Asic/asic2.twx"} eInfo]} {
#    puts "WARNING: there was a problem importing \"C:/Users/Professional/Desktop/XilinxVerilogAsicSha256/Asic_3/Asic/asic2.twx\": $eInfo"
# }
exit
ERROR: [Common 17-39] 'stop_gui' failed due to earlier errors.
INFO: [Common 17-206] Exiting PlanAhead at Tue May 03 13:45:08 2022...
INFO: [Common 17-83] Releasing license: PlanAhead
