Release 14.7 - xst P.20131013 (nt64)
Copyright (c) 1995-2013 Xilinx, Inc.  All rights reserved.
--> Parameter TMPDIR set to xst/projnav.tmp


Total REAL time to Xst completion: 0.00 secs
Total CPU time to Xst completion: 0.12 secs
 
--> Parameter xsthdpdir set to xst


Total REAL time to Xst completion: 0.00 secs
Total CPU time to Xst completion: 0.13 secs
 
--> Reading design: func_t2.prj

TABLE OF CONTENTS
  1) Synthesis Options Summary
  2) HDL Parsing
  3) HDL Elaboration
  4) HDL Synthesis
       4.1) HDL Synthesis Report
  5) Advanced HDL Synthesis
       5.1) Advanced HDL Synthesis Report
  6) Low Level Synthesis
  7) Partition Report
  8) Design Summary
       8.1) Primitive and Black Box Usage
       8.2) Device utilization summary
       8.3) Partition Resource Summary
       8.4) Timing Report
            8.4.1) Clock Information
            8.4.2) Asynchronous Control Signals Information
            8.4.3) Timing Summary
            8.4.4) Timing Details
            8.4.5) Cross Clock Domains Report


=========================================================================
*                      Synthesis Options Summary                        *
=========================================================================
---- Source Parameters
Input File Name                    : "func_t2.prj"
Ignore Synthesis Constraint File   : NO

---- Target Parameters
Output File Name                   : "func_t2"
Output Format                      : NGC
Target Device                      : xc6slx4-2-cpg196

---- Source Options
Top Module Name                    : func_t2
Automatic FSM Extraction           : YES
FSM Encoding Algorithm             : Auto
Safe Implementation                : No
FSM Style                          : LUT
RAM Extraction                     : Yes
RAM Style                          : Auto
ROM Extraction                     : Yes
Shift Register Extraction          : YES
ROM Style                          : Auto
Resource Sharing                   : YES
Asynchronous To Synchronous        : NO
Shift Register Minimum Size        : 2
Use DSP Block                      : Auto
Automatic Register Balancing       : No

---- Target Options
LUT Combining                      : Auto
Reduce Control Sets                : Auto
Add IO Buffers                     : YES
Global Maximum Fanout              : 100000
Add Generic Clock Buffer(BUFG)     : 16
Register Duplication               : YES
Optimize Instantiated Primitives   : NO
Use Clock Enable                   : Auto
Use Synchronous Set                : Auto
Use Synchronous Reset              : Auto
Pack IO Registers into IOBs        : Auto
Equivalent register Removal        : YES

---- General Options
Optimization Goal                  : Speed
Optimization Effort                : 1
Power Reduction                    : NO
Keep Hierarchy                     : No
Netlist Hierarchy                  : As_Optimized
RTL Output                         : Yes
Global Optimization                : AllClockNets
Read Cores                         : YES
Write Timing Constraints           : NO
Cross Clock Analysis               : NO
Hierarchy Separator                : /
Bus Delimiter                      : <>
Case Specifier                     : Maintain
Slice Utilization Ratio            : 100
BRAM Utilization Ratio             : 100
DSP48 Utilization Ratio            : 100
Auto BRAM Packing                  : NO
Slice Utilization Ratio Delta      : 5

=========================================================================


=========================================================================
*                          HDL Parsing                                  *
=========================================================================
Analyzing Verilog file "C:\Users\Professional\Desktop\XilinxVerilogAsicSha256\Helloworld\HelloWorld\func_t2.v" into library work
Parsing verilog file "func_sigma0.v" included at line 2.
Parsing verilog file "right_cyclic_shift.v" included at line 2.
Parsing module <right_cyclic_shift>.
Parsing module <func_sigma0>.
Parsing verilog file "func_Ma.v" included at line 3.
Parsing module <func_Ma>.
Parsing module <func_t2>.

=========================================================================
*                            HDL Elaboration                            *
=========================================================================

Elaborating module <func_t2>.

Elaborating module <func_sigma0>.

Elaborating module <right_cyclic_shift(N=2)>.

Elaborating module <right_cyclic_shift(N=13)>.

Elaborating module <right_cyclic_shift(N=22)>.

Elaborating module <func_Ma>.

=========================================================================
*                           HDL Synthesis                               *
=========================================================================

Synthesizing Unit <func_t2>.
    Related source file is "C:\Users\Professional\Desktop\XilinxVerilogAsicSha256\Helloworld\HelloWorld\func_t2.v".
    Found 32-bit adder for signal <func> created at line 39.
    Summary:
	inferred   1 Adder/Subtractor(s).
Unit <func_t2> synthesized.

Synthesizing Unit <func_sigma0>.
    Related source file is "C:\Users\Professional\Desktop\XilinxVerilogAsicSha256\Helloworld\HelloWorld/func_sigma0.v".
    Summary:
Unit <func_sigma0> synthesized.

Synthesizing Unit <right_cyclic_shift_1>.
    Related source file is "C:\Users\Professional\Desktop\XilinxVerilogAsicSha256\Helloworld\HelloWorld/right_cyclic_shift.v".
        N = 2
    Summary:
	no macro.
Unit <right_cyclic_shift_1> synthesized.

Synthesizing Unit <right_cyclic_shift_2>.
    Related source file is "C:\Users\Professional\Desktop\XilinxVerilogAsicSha256\Helloworld\HelloWorld/right_cyclic_shift.v".
        N = 13
    Summary:
	no macro.
Unit <right_cyclic_shift_2> synthesized.

Synthesizing Unit <right_cyclic_shift_3>.
    Related source file is "C:\Users\Professional\Desktop\XilinxVerilogAsicSha256\Helloworld\HelloWorld/right_cyclic_shift.v".
        N = 22
    Summary:
	no macro.
Unit <right_cyclic_shift_3> synthesized.

Synthesizing Unit <func_Ma>.
    Related source file is "C:\Users\Professional\Desktop\XilinxVerilogAsicSha256\Helloworld\HelloWorld/func_Ma.v".
    Summary:
Unit <func_Ma> synthesized.

=========================================================================
HDL Synthesis Report

Macro Statistics
# Adders/Subtractors                                   : 1
 32-bit adder                                          : 1
# Xors                                                 : 4
 32-bit xor2                                           : 4

=========================================================================

=========================================================================
*                       Advanced HDL Synthesis                          *
=========================================================================


=========================================================================
Advanced HDL Synthesis Report

Macro Statistics
# Adders/Subtractors                                   : 1
 32-bit adder                                          : 1
# Xors                                                 : 4
 32-bit xor2                                           : 4

=========================================================================

=========================================================================
*                         Low Level Synthesis                           *
=========================================================================

Optimizing unit <func_t2> ...

Mapping all equations...
Building and optimizing final netlist ...
Found area constraint ratio of 100 (+ 5) on block func_t2, actual ratio is 5.

Final Macro Processing ...

=========================================================================
Final Register Report

Found no macro
=========================================================================

=========================================================================
*                           Partition Report                            *
=========================================================================

Partition Implementation Status
-------------------------------

  No Partitions were found in this design.

-------------------------------

=========================================================================
*                            Design Summary                             *
=========================================================================

Top Level Output File Name         : func_t2.ngc

Primitive and Black Box Usage:
------------------------------
# BELS                             : 127
#      GND                         : 1
#      LUT3                        : 31
#      LUT6                        : 32
#      MUXCY                       : 31
#      XORCY                       : 32
# IO Buffers                       : 128
#      IBUF                        : 96
#      OBUF                        : 32

Device utilization summary:
---------------------------

Selected Device : 6slx4cpg196-2 


Slice Logic Utilization: 
 Number of Slice LUTs:                   63  out of   2400     2%  
    Number used as Logic:                63  out of   2400     2%  

Slice Logic Distribution: 
 Number of LUT Flip Flop pairs used:     63
   Number with an unused Flip Flop:      63  out of     63   100%  
   Number with an unused LUT:             0  out of     63     0%  
   Number of fully used LUT-FF pairs:     0  out of     63     0%  
   Number of unique control sets:         0

IO Utilization: 
 Number of IOs:                         128
 Number of bonded IOBs:                 128  out of    106   120% (*) 

Specific Feature Utilization:

WARNING:Xst:1336 -  (*) More than 100% of Device resources are used

---------------------------
Partition Resource Summary:
---------------------------

  No Partitions were found in this design.

---------------------------


=========================================================================
Timing Report

NOTE: THESE TIMING NUMBERS ARE ONLY A SYNTHESIS ESTIMATE.
      FOR ACCURATE TIMING INFORMATION PLEASE REFER TO THE TRACE REPORT
      GENERATED AFTER PLACE-and-ROUTE.

Clock Information:
------------------
No clock signals found in this design

Asynchronous Control Signals Information:
----------------------------------------
No asynchronous control signals found in this design

Timing Summary:
---------------
Speed Grade: -2

   Minimum period: No path found
   Minimum input arrival time before clock: No path found
   Maximum output required time after clock: No path found
   Maximum combinational path delay: 7.475ns

Timing Details:
---------------
All values displayed in nanoseconds (ns)

=========================================================================
Timing constraint: Default path analysis
  Total number of paths / destination ports: 4656 / 32
-------------------------------------------------------------------------
Delay:               7.475ns (Levels of Logic = 35)
  Source:            in_B<0> (PAD)
  Destination:       func<31> (PAD)

  Data Path: in_B<0> to func<31>
                                Gate     Net
    Cell:in->out      fanout   Delay   Delay  Logical Name (Net Name)
    ----------------------------------------  ------------
     IBUF:I->O             2   1.328   1.181  in_B_0_IBUF (in_B_0_IBUF)
     LUT6:I0->O            1   0.254   0.000  Madd_func_lut<0> (Madd_func_lut<0>)
     MUXCY:S->O            1   0.215   0.000  Madd_func_cy<0> (Madd_func_cy<0>)
     MUXCY:CI->O           1   0.023   0.000  Madd_func_cy<1> (Madd_func_cy<1>)
     MUXCY:CI->O           1   0.023   0.000  Madd_func_cy<2> (Madd_func_cy<2>)
     MUXCY:CI->O           1   0.023   0.000  Madd_func_cy<3> (Madd_func_cy<3>)
     MUXCY:CI->O           1   0.023   0.000  Madd_func_cy<4> (Madd_func_cy<4>)
     MUXCY:CI->O           1   0.023   0.000  Madd_func_cy<5> (Madd_func_cy<5>)
     MUXCY:CI->O           1   0.023   0.000  Madd_func_cy<6> (Madd_func_cy<6>)
     MUXCY:CI->O           1   0.023   0.000  Madd_func_cy<7> (Madd_func_cy<7>)
     MUXCY:CI->O           1   0.023   0.000  Madd_func_cy<8> (Madd_func_cy<8>)
     MUXCY:CI->O           1   0.023   0.000  Madd_func_cy<9> (Madd_func_cy<9>)
     MUXCY:CI->O           1   0.023   0.000  Madd_func_cy<10> (Madd_func_cy<10>)
     MUXCY:CI->O           1   0.023   0.000  Madd_func_cy<11> (Madd_func_cy<11>)
     MUXCY:CI->O           1   0.023   0.000  Madd_func_cy<12> (Madd_func_cy<12>)
     MUXCY:CI->O           1   0.023   0.000  Madd_func_cy<13> (Madd_func_cy<13>)
     MUXCY:CI->O           1   0.023   0.000  Madd_func_cy<14> (Madd_func_cy<14>)
     MUXCY:CI->O           1   0.023   0.000  Madd_func_cy<15> (Madd_func_cy<15>)
     MUXCY:CI->O           1   0.023   0.000  Madd_func_cy<16> (Madd_func_cy<16>)
     MUXCY:CI->O           1   0.023   0.000  Madd_func_cy<17> (Madd_func_cy<17>)
     MUXCY:CI->O           1   0.023   0.000  Madd_func_cy<18> (Madd_func_cy<18>)
     MUXCY:CI->O           1   0.023   0.000  Madd_func_cy<19> (Madd_func_cy<19>)
     MUXCY:CI->O           1   0.023   0.000  Madd_func_cy<20> (Madd_func_cy<20>)
     MUXCY:CI->O           1   0.023   0.000  Madd_func_cy<21> (Madd_func_cy<21>)
     MUXCY:CI->O           1   0.023   0.000  Madd_func_cy<22> (Madd_func_cy<22>)
     MUXCY:CI->O           1   0.023   0.000  Madd_func_cy<23> (Madd_func_cy<23>)
     MUXCY:CI->O           1   0.023   0.000  Madd_func_cy<24> (Madd_func_cy<24>)
     MUXCY:CI->O           1   0.023   0.000  Madd_func_cy<25> (Madd_func_cy<25>)
     MUXCY:CI->O           1   0.023   0.000  Madd_func_cy<26> (Madd_func_cy<26>)
     MUXCY:CI->O           1   0.023   0.000  Madd_func_cy<27> (Madd_func_cy<27>)
     MUXCY:CI->O           1   0.023   0.000  Madd_func_cy<28> (Madd_func_cy<28>)
     MUXCY:CI->O           1   0.023   0.000  Madd_func_cy<29> (Madd_func_cy<29>)
     MUXCY:CI->O           0   0.023   0.000  Madd_func_cy<30> (Madd_func_cy<30>)
     XORCY:CI->O           1   0.206   0.681  Madd_func_xor<31> (func_31_OBUF)
     OBUF:I->O                 2.912          func_31_OBUF (func<31>)
    ----------------------------------------
    Total                      7.475ns (5.613ns logic, 1.862ns route)
                                       (75.1% logic, 24.9% route)

=========================================================================

Cross Clock Domains Report:
--------------------------

=========================================================================


Total REAL time to Xst completion: 5.00 secs
Total CPU time to Xst completion: 5.23 secs
 
--> 

Total memory usage is 4485628 kilobytes

Number of errors   :    0 (   0 filtered)
Number of warnings :    1 (   0 filtered)
Number of infos    :    0 (   0 filtered)

