Release 14.7 - xst P.20131013 (nt64)
Copyright (c) 1995-2013 Xilinx, Inc.  All rights reserved.
--> Parameter TMPDIR set to xst/projnav.tmp


Total REAL time to Xst completion: 0.00 secs
Total CPU time to Xst completion: 0.09 secs
 
--> Parameter xsthdpdir set to xst


Total REAL time to Xst completion: 0.00 secs
Total CPU time to Xst completion: 0.09 secs
 
--> Reading design: logical_module.prj

TABLE OF CONTENTS
  1) Synthesis Options Summary
  2) HDL Parsing
  3) HDL Elaboration
  4) HDL Synthesis
       4.1) HDL Synthesis Report
  5) Advanced HDL Synthesis
       5.1) Advanced HDL Synthesis Report
  6) Low Level Synthesis
  7) Partition Report
  8) Design Summary
       8.1) Primitive and Black Box Usage
       8.2) Device utilization summary
       8.3) Partition Resource Summary
       8.4) Timing Report
            8.4.1) Clock Information
            8.4.2) Asynchronous Control Signals Information
            8.4.3) Timing Summary
            8.4.4) Timing Details
            8.4.5) Cross Clock Domains Report


=========================================================================
*                      Synthesis Options Summary                        *
=========================================================================
---- Source Parameters
Input File Name                    : "logical_module.prj"
Ignore Synthesis Constraint File   : NO

---- Target Parameters
Output File Name                   : "logical_module"
Output Format                      : NGC
Target Device                      : xc6slx4-2-cpg196

---- Source Options
Top Module Name                    : logical_module
Automatic FSM Extraction           : YES
FSM Encoding Algorithm             : Auto
Safe Implementation                : No
FSM Style                          : LUT
RAM Extraction                     : Yes
RAM Style                          : Auto
ROM Extraction                     : Yes
Shift Register Extraction          : YES
ROM Style                          : Auto
Resource Sharing                   : YES
Asynchronous To Synchronous        : NO
Shift Register Minimum Size        : 2
Use DSP Block                      : Auto
Automatic Register Balancing       : No

---- Target Options
LUT Combining                      : Auto
Reduce Control Sets                : Auto
Add IO Buffers                     : YES
Global Maximum Fanout              : 100000
Add Generic Clock Buffer(BUFG)     : 16
Register Duplication               : YES
Optimize Instantiated Primitives   : NO
Use Clock Enable                   : Auto
Use Synchronous Set                : Auto
Use Synchronous Reset              : Auto
Pack IO Registers into IOBs        : Auto
Equivalent register Removal        : YES

---- General Options
Optimization Goal                  : Speed
Optimization Effort                : 1
Power Reduction                    : NO
Keep Hierarchy                     : No
Netlist Hierarchy                  : As_Optimized
RTL Output                         : Yes
Global Optimization                : AllClockNets
Read Cores                         : YES
Write Timing Constraints           : NO
Cross Clock Analysis               : NO
Hierarchy Separator                : /
Bus Delimiter                      : <>
Case Specifier                     : Maintain
Slice Utilization Ratio            : 100
BRAM Utilization Ratio             : 100
DSP48 Utilization Ratio            : 100
Auto BRAM Packing                  : NO
Slice Utilization Ratio Delta      : 5

=========================================================================


=========================================================================
*                          HDL Parsing                                  *
=========================================================================
Analyzing Verilog file "C:\Users\Professional\Desktop\XilinxVerilogAsicSha256\Helloworld\HelloWorld\logic_module.v" into library work
Parsing verilog file "func_t1.v" included at line 2.
Parsing verilog file "func_sigma1.v" included at line 2.
Parsing verilog file "right_cyclic_shift.v" included at line 2.
Parsing module <right_cyclic_shift>.
Parsing module <func_sigma1>.
Parsing verilog file "func_ch.v" included at line 3.
Parsing module <func_ch>.
Parsing module <func_t1>.
Parsing verilog file "func_t2.v" included at line 3.
Parsing verilog file "func_sigma0.v" included at line 2.
Parsing verilog file "right_cyclic_shift.v" included at line 2.
Parsing module <func_sigma0>.
Parsing verilog file "func_Ma.v" included at line 3.
Parsing module <func_Ma>.
Parsing module <func_t2>.
Parsing module <logical_module>.

=========================================================================
*                            HDL Elaboration                            *
=========================================================================

Elaborating module <logical_module>.

Elaborating module <func_t1>.

Elaborating module <func_sigma1>.

Elaborating module <right_cyclic_shift(N=6)>.

Elaborating module <right_cyclic_shift(N=11)>.

Elaborating module <right_cyclic_shift(N=25)>.

Elaborating module <func_ch>.

Elaborating module <func_t2>.

Elaborating module <func_sigma0>.

Elaborating module <right_cyclic_shift(N=2)>.

Elaborating module <right_cyclic_shift(N=13)>.

Elaborating module <right_cyclic_shift(N=22)>.

Elaborating module <func_Ma>.

=========================================================================
*                           HDL Synthesis                               *
=========================================================================

Synthesizing Unit <logical_module>.
    Related source file is "C:\Users\Professional\Desktop\XilinxVerilogAsicSha256\Helloworld\HelloWorld\logic_module.v".
    Found 32-bit adder for signal <out_E> created at line 74.
    Found 32-bit adder for signal <out_A> created at line 75.
    Summary:
	inferred   2 Adder/Subtractor(s).
Unit <logical_module> synthesized.

Synthesizing Unit <func_t1>.
    Related source file is "C:\Users\Professional\Desktop\XilinxVerilogAsicSha256\Helloworld\HelloWorld/func_t1.v".
    Found 32-bit adder for signal <n0019> created at line 42.
    Found 32-bit adder for signal <n0022> created at line 42.
    Found 32-bit adder for signal <n0025> created at line 42.
    Found 32-bit adder for signal <func> created at line 42.
    Summary:
	inferred   4 Adder/Subtractor(s).
Unit <func_t1> synthesized.

Synthesizing Unit <func_sigma1>.
    Related source file is "C:\Users\Professional\Desktop\XilinxVerilogAsicSha256\Helloworld\HelloWorld/func_sigma1.v".
    Summary:
Unit <func_sigma1> synthesized.

Synthesizing Unit <right_cyclic_shift_1>.
    Related source file is "C:\Users\Professional\Desktop\XilinxVerilogAsicSha256\Helloworld\HelloWorld/right_cyclic_shift.v".
        N = 6
    Summary:
	no macro.
Unit <right_cyclic_shift_1> synthesized.

Synthesizing Unit <right_cyclic_shift_2>.
    Related source file is "C:\Users\Professional\Desktop\XilinxVerilogAsicSha256\Helloworld\HelloWorld/right_cyclic_shift.v".
        N = 11
    Summary:
	no macro.
Unit <right_cyclic_shift_2> synthesized.

Synthesizing Unit <right_cyclic_shift_3>.
    Related source file is "C:\Users\Professional\Desktop\XilinxVerilogAsicSha256\Helloworld\HelloWorld/right_cyclic_shift.v".
        N = 25
    Summary:
	no macro.
Unit <right_cyclic_shift_3> synthesized.

Synthesizing Unit <func_ch>.
    Related source file is "C:\Users\Professional\Desktop\XilinxVerilogAsicSha256\Helloworld\HelloWorld/func_ch.v".
    Summary:
Unit <func_ch> synthesized.

Synthesizing Unit <func_t2>.
    Related source file is "C:\Users\Professional\Desktop\XilinxVerilogAsicSha256\Helloworld\HelloWorld/func_t2.v".
    Found 32-bit adder for signal <func> created at line 38.
    Summary:
	inferred   1 Adder/Subtractor(s).
Unit <func_t2> synthesized.

Synthesizing Unit <func_sigma0>.
    Related source file is "C:\Users\Professional\Desktop\XilinxVerilogAsicSha256\Helloworld\HelloWorld/func_sigma0.v".
    Summary:
Unit <func_sigma0> synthesized.

Synthesizing Unit <right_cyclic_shift_4>.
    Related source file is "C:\Users\Professional\Desktop\XilinxVerilogAsicSha256\Helloworld\HelloWorld/right_cyclic_shift.v".
        N = 2
    Summary:
	no macro.
Unit <right_cyclic_shift_4> synthesized.

Synthesizing Unit <right_cyclic_shift_5>.
    Related source file is "C:\Users\Professional\Desktop\XilinxVerilogAsicSha256\Helloworld\HelloWorld/right_cyclic_shift.v".
        N = 13
    Summary:
	no macro.
Unit <right_cyclic_shift_5> synthesized.

Synthesizing Unit <right_cyclic_shift_6>.
    Related source file is "C:\Users\Professional\Desktop\XilinxVerilogAsicSha256\Helloworld\HelloWorld/right_cyclic_shift.v".
        N = 22
    Summary:
	no macro.
Unit <right_cyclic_shift_6> synthesized.

Synthesizing Unit <func_Ma>.
    Related source file is "C:\Users\Professional\Desktop\XilinxVerilogAsicSha256\Helloworld\HelloWorld/func_Ma.v".
    Summary:
Unit <func_Ma> synthesized.

=========================================================================
HDL Synthesis Report

Macro Statistics
# Adders/Subtractors                                   : 7
 32-bit adder                                          : 7
# Xors                                                 : 7
 32-bit xor2                                           : 7

=========================================================================

=========================================================================
*                       Advanced HDL Synthesis                          *
=========================================================================


Synthesizing (advanced) Unit <func_t1>.
	The following adders/subtractors are grouped into adder tree <Madd_func1> :
 	<Madd_n0019> in block <func_t1>, 	<Madd_n0022> in block <func_t1>, 	<Madd_n0025> in block <func_t1>, 	<Madd_func> in block <func_t1>.
Unit <func_t1> synthesized (advanced).

=========================================================================
Advanced HDL Synthesis Report

Macro Statistics
# Adders/Subtractors                                   : 3
 32-bit adder                                          : 3
# Adder Trees                                          : 1
 32-bit / 5-inputs adder tree                          : 1
# Xors                                                 : 7
 32-bit xor2                                           : 7

=========================================================================

=========================================================================
*                         Low Level Synthesis                           *
=========================================================================

Optimizing unit <logical_module> ...

Mapping all equations...
Building and optimizing final netlist ...
Found area constraint ratio of 100 (+ 5) on block logical_module, actual ratio is 19.

Final Macro Processing ...

=========================================================================
Final Register Report

Found no macro
=========================================================================

=========================================================================
*                           Partition Report                            *
=========================================================================

Partition Implementation Status
-------------------------------

  No Partitions were found in this design.

-------------------------------

=========================================================================
*                            Design Summary                             *
=========================================================================

Top Level Output File Name         : logical_module.ngc

Primitive and Black Box Usage:
------------------------------
# BELS                             : 605
#      GND                         : 1
#      LUT2                        : 32
#      LUT3                        : 224
#      LUT4                        : 94
#      LUT5                        : 2
#      MUXCY                       : 124
#      XORCY                       : 128
# IO Buffers                       : 576
#      IBUF                        : 320
#      OBUF                        : 256

Device utilization summary:
---------------------------

Selected Device : 6slx4cpg196-2 


Slice Logic Utilization: 
 Number of Slice LUTs:                  352  out of   2400    14%  
    Number used as Logic:               352  out of   2400    14%  

Slice Logic Distribution: 
 Number of LUT Flip Flop pairs used:    352
   Number with an unused Flip Flop:     352  out of    352   100%  
   Number with an unused LUT:             0  out of    352     0%  
   Number of fully used LUT-FF pairs:     0  out of    352     0%  
   Number of unique control sets:         0

IO Utilization: 
 Number of IOs:                         576
 Number of bonded IOBs:                 576  out of    106   543% (*) 

Specific Feature Utilization:

WARNING:Xst:1336 -  (*) More than 100% of Device resources are used

---------------------------
Partition Resource Summary:
---------------------------

  No Partitions were found in this design.

---------------------------


=========================================================================
Timing Report

NOTE: THESE TIMING NUMBERS ARE ONLY A SYNTHESIS ESTIMATE.
      FOR ACCURATE TIMING INFORMATION PLEASE REFER TO THE TRACE REPORT
      GENERATED AFTER PLACE-and-ROUTE.

Clock Information:
------------------
No clock signals found in this design

Asynchronous Control Signals Information:
----------------------------------------
No asynchronous control signals found in this design

Timing Summary:
---------------
Speed Grade: -2

   Minimum period: No path found
   Minimum input arrival time before clock: No path found
   Maximum output required time after clock: No path found
   Maximum combinational path delay: 13.952ns

Timing Details:
---------------
All values displayed in nanoseconds (ns)

=========================================================================
Timing constraint: Default path analysis
  Total number of paths / destination ports: 9615789 / 256
-------------------------------------------------------------------------
Delay:               13.952ns (Levels of Logic = 40)
  Source:            in_E<11> (PAD)
  Destination:       out_A<31> (PAD)

  Data Path: in_E<11> to out_A<31>
                                Gate     Net
    Cell:in->out      fanout   Delay   Delay  Logical Name (Net Name)
    ----------------------------------------  ------------
     IBUF:I->O             6   1.328   1.104  in_E_11_IBUF (out_F_11_OBUF)
     LUT3:I0->O            1   0.235   0.790  t1/wire_sigma1<0>1 (t1/wire_sigma1<0>)
     LUT3:I1->O            1   0.250   0.682  ADDERTREE_INTERNAL_Madd1 (ADDERTREE_INTERNAL_Madd1)
     LUT4:I3->O            1   0.254   0.000  ADDERTREE_INTERNAL_Madd1_lut<0>1 (ADDERTREE_INTERNAL_Madd1_lut<0>1)
     MUXCY:S->O            1   0.215   0.000  ADDERTREE_INTERNAL_Madd1_cy<0>_0 (ADDERTREE_INTERNAL_Madd1_cy<0>1)
     MUXCY:CI->O           1   0.023   0.000  ADDERTREE_INTERNAL_Madd1_cy<0>_1 (ADDERTREE_INTERNAL_Madd1_cy<0>2)
     MUXCY:CI->O           1   0.023   0.000  ADDERTREE_INTERNAL_Madd1_cy<0>_2 (ADDERTREE_INTERNAL_Madd1_cy<0>3)
     MUXCY:CI->O           1   0.023   0.000  ADDERTREE_INTERNAL_Madd1_cy<0>_3 (ADDERTREE_INTERNAL_Madd1_cy<0>4)
     MUXCY:CI->O           1   0.023   0.000  ADDERTREE_INTERNAL_Madd1_cy<0>_4 (ADDERTREE_INTERNAL_Madd1_cy<0>5)
     MUXCY:CI->O           1   0.023   0.000  ADDERTREE_INTERNAL_Madd1_cy<0>_5 (ADDERTREE_INTERNAL_Madd1_cy<0>6)
     MUXCY:CI->O           1   0.023   0.000  ADDERTREE_INTERNAL_Madd1_cy<0>_6 (ADDERTREE_INTERNAL_Madd1_cy<0>7)
     MUXCY:CI->O           1   0.023   0.000  ADDERTREE_INTERNAL_Madd1_cy<0>_7 (ADDERTREE_INTERNAL_Madd1_cy<0>8)
     MUXCY:CI->O           1   0.023   0.000  ADDERTREE_INTERNAL_Madd1_cy<0>_8 (ADDERTREE_INTERNAL_Madd1_cy<0>9)
     MUXCY:CI->O           1   0.023   0.000  ADDERTREE_INTERNAL_Madd1_cy<0>_9 (ADDERTREE_INTERNAL_Madd1_cy<0>10)
     MUXCY:CI->O           1   0.023   0.000  ADDERTREE_INTERNAL_Madd1_cy<0>_10 (ADDERTREE_INTERNAL_Madd1_cy<0>11)
     MUXCY:CI->O           1   0.023   0.000  ADDERTREE_INTERNAL_Madd1_cy<0>_11 (ADDERTREE_INTERNAL_Madd1_cy<0>12)
     MUXCY:CI->O           1   0.023   0.000  ADDERTREE_INTERNAL_Madd1_cy<0>_12 (ADDERTREE_INTERNAL_Madd1_cy<0>13)
     MUXCY:CI->O           1   0.023   0.000  ADDERTREE_INTERNAL_Madd1_cy<0>_13 (ADDERTREE_INTERNAL_Madd1_cy<0>14)
     MUXCY:CI->O           1   0.023   0.000  ADDERTREE_INTERNAL_Madd1_cy<0>_14 (ADDERTREE_INTERNAL_Madd1_cy<0>15)
     MUXCY:CI->O           1   0.023   0.000  ADDERTREE_INTERNAL_Madd1_cy<0>_15 (ADDERTREE_INTERNAL_Madd1_cy<0>16)
     MUXCY:CI->O           1   0.023   0.000  ADDERTREE_INTERNAL_Madd1_cy<0>_16 (ADDERTREE_INTERNAL_Madd1_cy<0>17)
     MUXCY:CI->O           1   0.023   0.000  ADDERTREE_INTERNAL_Madd1_cy<0>_17 (ADDERTREE_INTERNAL_Madd1_cy<0>18)
     MUXCY:CI->O           1   0.023   0.000  ADDERTREE_INTERNAL_Madd1_cy<0>_18 (ADDERTREE_INTERNAL_Madd1_cy<0>19)
     MUXCY:CI->O           1   0.023   0.000  ADDERTREE_INTERNAL_Madd1_cy<0>_19 (ADDERTREE_INTERNAL_Madd1_cy<0>20)
     MUXCY:CI->O           1   0.023   0.000  ADDERTREE_INTERNAL_Madd1_cy<0>_20 (ADDERTREE_INTERNAL_Madd1_cy<0>21)
     MUXCY:CI->O           1   0.023   0.000  ADDERTREE_INTERNAL_Madd1_cy<0>_21 (ADDERTREE_INTERNAL_Madd1_cy<0>22)
     MUXCY:CI->O           1   0.023   0.000  ADDERTREE_INTERNAL_Madd1_cy<0>_22 (ADDERTREE_INTERNAL_Madd1_cy<0>23)
     MUXCY:CI->O           1   0.023   0.000  ADDERTREE_INTERNAL_Madd1_cy<0>_23 (ADDERTREE_INTERNAL_Madd1_cy<0>24)
     MUXCY:CI->O           1   0.023   0.000  ADDERTREE_INTERNAL_Madd1_cy<0>_24 (ADDERTREE_INTERNAL_Madd1_cy<0>25)
     MUXCY:CI->O           1   0.023   0.000  ADDERTREE_INTERNAL_Madd1_cy<0>_25 (ADDERTREE_INTERNAL_Madd1_cy<0>26)
     XORCY:CI->O           2   0.206   0.726  ADDERTREE_INTERNAL_Madd1_xor<0>_26 (ADDERTREE_INTERNAL_Madd_271)
     LUT3:I2->O            1   0.254   0.682  ADDERTREE_INTERNAL_Madd327 (ADDERTREE_INTERNAL_Madd327)
     LUT4:I3->O            1   0.254   0.000  ADDERTREE_INTERNAL_Madd3_lut<0>28 (ADDERTREE_INTERNAL_Madd3_lut<0>28)
     MUXCY:S->O            1   0.215   0.000  ADDERTREE_INTERNAL_Madd3_cy<0>_27 (ADDERTREE_INTERNAL_Madd3_cy<0>28)
     XORCY:CI->O           3   0.206   0.766  ADDERTREE_INTERNAL_Madd3_xor<0>_28 (ADDERTREE_INTERNAL_Madd_293)
     LUT3:I2->O            1   0.254   0.682  Madd_out_A29 (Madd_out_A29)
     LUT4:I3->O            1   0.254   0.000  Madd_out_A_lut<0>30 (Madd_out_A_lut<0>30)
     MUXCY:S->O            0   0.215   0.000  Madd_out_A_cy<0>_29 (Madd_out_A_cy<0>30)
     XORCY:CI->O           1   0.206   0.681  Madd_out_A_xor<0>_30 (out_A_31_OBUF)
     OBUF:I->O                 2.912          out_A_31_OBUF (out_A<31>)
    ----------------------------------------
    Total                     13.952ns (7.839ns logic, 6.113ns route)
                                       (56.2% logic, 43.8% route)

=========================================================================

Cross Clock Domains Report:
--------------------------

=========================================================================


Total REAL time to Xst completion: 5.00 secs
Total CPU time to Xst completion: 4.92 secs
 
--> 

Total memory usage is 4485628 kilobytes

Number of errors   :    0 (   0 filtered)
Number of warnings :    1 (   0 filtered)
Number of infos    :    0 (   0 filtered)

