#:C0     
#Xilinx FPGA Editor Command Log File
#Editor Version:
#:V   NT M2.1 P.20131013
#Current Working Directory:
#:D   C:\Users\Professional\Desktop\XilinxVerilogAsicSha256\Helloworld\HelloWorld
#Date/Time:
#:T   Fri Feb 18 03:00:53 2022
#------------------------------
	#Reading top.ncd...
	#Loading device for application Rf_Device from file '6slx4.nph' in environment E:\Xilinx\14.7\ISE_DS\ISE\.
	#   "top" is an NCD, version 3.2, device xc6slx4, package cpg196, speed -2
	#Design creation date: 2022.02.17.23.55.53
	#Building chip graphics...
	#Loading speed info...
	#1
setattr main edit-mode no-logic-changes
	#2
unselect -all
	#3
unselect -all
	#4
unselect -all
